<?xml version="1.0" encoding="UTF-8"?>
<testng-results ignored="0" total="3" passed="3" failed="0" skipped="0">
  <reporter-output>
  </reporter-output>
  <suite started-at="2024-06-19T16:14:49 IST" name="Default suite" finished-at="2024-06-19T16:14:54 IST" duration-ms="5478">
    <groups>
    </groups>
    <test started-at="2024-06-19T16:14:49 IST" name="Default test" finished-at="2024-06-19T16:14:54 IST" duration-ms="5478">
      <class name="day8.FbLoginDP">
        <test-method is-config="true" signature="openBrowser()[pri:0, instance:day8.FbLoginDP@77fbd92c]" started-at="2024-06-19T16:14:49 IST" name="openBrowser" finished-at="2024-06-19T16:14:50 IST" duration-ms="1274" status="PASS">
          <reporter-output>
          </reporter-output>
        </test-method> <!-- openBrowser -->
        <test-method signature="login(java.lang.String,java.lang.String,int)[pri:0, instance:day8.FbLoginDP@77fbd92c]" started-at="2024-06-19T16:14:50 IST" name="login" data-provider="dataset" finished-at="2024-06-19T16:14:51 IST" duration-ms="845" status="PASS">
          <params>
            <param index="0">
              <value>
                <![CDATA[username 1]]>
              </value>
            </param>
            <param index="1">
              <value>
                <![CDATA[password 1]]>
              </value>
            </param>
            <param index="2">
              <value>
                <![CDATA[1]]>
              </value>
            </param>
          </params>
          <reporter-output>
          </reporter-output>
        </test-method> <!-- login -->
        <test-method is-config="true" signature="openBrowser()[pri:0, instance:day8.FbLoginDP@77fbd92c]" started-at="2024-06-19T16:14:51 IST" name="openBrowser" finished-at="2024-06-19T16:14:52 IST" duration-ms="765" status="PASS">
          <reporter-output>
          </reporter-output>
        </test-method> <!-- openBrowser -->
        <test-method signature="login(java.lang.String,java.lang.String,int)[pri:0, instance:day8.FbLoginDP@77fbd92c]" started-at="2024-06-19T16:14:52 IST" name="login" data-provider="dataset" finished-at="2024-06-19T16:14:53 IST" duration-ms="844" status="PASS">
          <params>
            <param index="0">
              <value>
                <![CDATA[username 2]]>
              </value>
            </param>
            <param index="1">
              <value>
                <![CDATA[password 2]]>
              </value>
            </param>
            <param index="2">
              <value>
                <![CDATA[2]]>
              </value>
            </param>
          </params>
          <reporter-output>
          </reporter-output>
        </test-method> <!-- login -->
        <test-method is-config="true" signature="openBrowser()[pri:0, instance:day8.FbLoginDP@77fbd92c]" started-at="2024-06-19T16:14:53 IST" name="openBrowser" finished-at="2024-06-19T16:14:54 IST" duration-ms="830" status="PASS">
          <reporter-output>
          </reporter-output>
        </test-method> <!-- openBrowser -->
        <test-method signature="login(java.lang.String,java.lang.String,int)[pri:0, instance:day8.FbLoginDP@77fbd92c]" started-at="2024-06-19T16:14:54 IST" name="login" data-provider="dataset" finished-at="2024-06-19T16:14:54 IST" duration-ms="895" status="PASS">
          <params>
            <param index="0">
              <value>
                <![CDATA[username 3]]>
              </value>
            </param>
            <param index="1">
              <value>
                <![CDATA[password 3]]>
              </value>
            </param>
            <param index="2">
              <value>
                <![CDATA[3]]>
              </value>
            </param>
          </params>
          <reporter-output>
          </reporter-output>
        </test-method> <!-- login -->
      </class> <!-- day8.FbLoginDP -->
    </test> <!-- Default test -->
  </suite> <!-- Default suite -->
</testng-results>
